java.lang.InstantiationException: com.mathworks.mlwidgets.toolgroup.ToolGroupWrapper$DefaultToolGroup
	at java.lang.Class.newInstance(Class.java:427)
	at com.mathworks.widgets.desk.DTGroup.createPropertyProvider(DTGroup.java:261)
	at com.mathworks.widgets.desk.DTGroup.getPropertyProvider(DTGroup.java:190)
	at com.mathworks.widgets.desk.DTOccupant.getProperty(DTOccupant.java:748)
	at com.mathworks.widgets.desk.DTOccupant.getToolBarAlternative(DTOccupant.java:529)
	at com.mathworks.widgets.desk.DTOccupant.getToolBars(DTOccupant.java:452)
	at com.mathworks.widgets.desk.DTGroup.getToolBars(DTGroup.java:788)
	at com.mathworks.widgets.desk.DTGroup.notifyToolBars(DTGroup.java:1630)
	at com.mathworks.widgets.desk.DTGroup.propertyChange(DTGroup.java:1520)
	at com.mathworks.widgets.desk.DTOccupant.forwardPropertyChange(DTOccupant.java:1197)
	at com.mathworks.widgets.desk.DTOccupant.doPropertyChange(DTOccupant.java:1179)
	at com.mathworks.widgets.desk.DTClient.doPropertyChange(DTClient.java:1567)
	at com.mathworks.widgets.desk.DTClient.propertyChange(DTClient.java:1535)
	at com.mathworks.widgets.desk.DTPropertyBridge$WeakLink.propertyChange(DTPropertyBridge.java:148)
	at java.beans.PropertyChangeSupport.fire(PropertyChangeSupport.java:335)
	at java.beans.PropertyChangeSupport.firePropertyChange(PropertyChangeSupport.java:327)
	at java.beans.PropertyChangeSupport.firePropertyChange(PropertyChangeSupport.java:263)
	at java.awt.Component.firePropertyChange(Component.java:8434)
	at javax.swing.JComponent.putClientProperty(JComponent.java:4087)
	at com.mathworks.widgets.desk.DTClientBase.setToolBars(DTClientBase.java:137)
	at com.mathworks.hg.peer.FigureClientProxy$FigureDTClientBase.setClientToolBars(FigureClientProxy.java:470)
	at com.mathworks.hg.peer.FigureClientProxy.setClientToolBars(FigureClientProxy.java:1082)
	at com.mathworks.hg.peer.FigureMediator.setClientToolBars(FigureMediator.java:194)
	at com.mathworks.hg.peer.FigurePeer.removeToolBar(FigurePeer.java:1242)
	at com.mathworks.hg.peer.ToolbarPeer.doRemoveToolbar(ToolbarPeer.java:330)
	at com.mathworks.hg.peer.ToolbarPeer$6.run(ToolbarPeer.java:275)
	at com.mathworks.hg.util.HGPeerQueue$HGPeerRunnablesRunner.runit(HGPeerQueue.java:287)
	at com.mathworks.hg.util.HGPeerQueue$HGPeerRunnablesRunner.runThese(HGPeerQueue.java:318)
	at com.mathworks.hg.util.HGPeerQueue$HGPeerRunnablesRunner.run(HGPeerQueue.java:330)
	at com.mathworks.jmi.AWTUtilities$Invoker$5$1.run(AWTUtilities.java:591)
	at com.mathworks.mvm.context.ThreadContext$1.call(ThreadContext.java:76)
	at com.mathworks.mvm.context.ThreadContext.callWithContext(ThreadContext.java:105)
	at com.mathworks.mvm.context.ThreadContext.runWithContext(ThreadContext.java:73)
	at com.mathworks.mvm.context.MvmContext.runWithContext(MvmContext.java:107)
	at com.mathworks.jmi.AWTUtilities$Invoker$5.runWithOutput(AWTUtilities.java:588)
	at com.mathworks.jmi.AWTUtilities$Invoker$2.watchedRun(AWTUtilities.java:475)
	at com.mathworks.jmi.AWTUtilities$WatchedRunnable.run(AWTUtilities.java:436)
	at java.awt.event.InvocationEvent.dispatch(InvocationEvent.java:311)
	at java.awt.EventQueue.dispatchEventImpl(EventQueue.java:758)
	at java.awt.EventQueue.access$500(EventQueue.java:97)
	at java.awt.EventQueue$3.run(EventQueue.java:709)
	at java.awt.EventQueue$3.run(EventQueue.java:703)
	at java.security.AccessController.doPrivileged(Native Method)
	at java.security.ProtectionDomain$JavaSecurityAccessImpl.doIntersectionPrivilege(ProtectionDomain.java:74)
	at java.awt.EventQueue.dispatchEvent(EventQueue.java:728)
	at java.awt.EventDispatchThread.pumpOneEventForFilters(EventDispatchThread.java:205)
	at java.awt.EventDispatchThread.pumpEventsForFilter(EventDispatchThread.java:116)
	at java.awt.EventDispatchThread.pumpEventsForHierarchy(EventDispatchThread.java:105)
	at java.awt.EventDispatchThread.pumpEvents(EventDispatchThread.java:101)
	at java.awt.EventDispatchThread.pumpEvents(EventDispatchThread.java:93)
	at java.awt.EventDispatchThread.run(EventDispatchThread.java:82)
Caused by: java.lang.NoSuchMethodException: com.mathworks.mlwidgets.toolgroup.ToolGroupWrapper$DefaultToolGroup.<init>()
	at java.lang.Class.getConstructor0(Class.java:3082)
	at java.lang.Class.newInstance(Class.java:412)
	... 50 more
